# JRE version: OpenJDK Runtime Environment Temurin-21.0.8+9 (21.0.8+9) (build 21.0.8+9-LTS)
# Java VM: OpenJDK 64-Bit Server VM Temurin-21.0.8+9 (21.0.8+9-LTS, mixed mode, sharing, tiered, compressed oops, compressed class ptrs, parallel gc, windows-amd64)
GC Precious Log:
 CardTable entry size: 512
 CPUs: 8 total, 8 available
 Memory: 8006M
 Large Page Support: Disabled
 NUMA Support: Disabled
 Compressed Oops: Enabled (32-bit)
 Alignments: Space 512K, Generation 512K, Heap 2M
 Heap Min Capacity: 100M
 Heap Initial Capacity: 100M
 Heap Max Capacity: 2G
 Pre-touch: Disabled
 Parallel Workers: 8
Heap:
 PSYoungGen      total 7168K, used 6580K [0x00000000d5580000, 0x00000000d5e80000, 0x0000000100000000)
  eden space 6144K, 100% used [0x00000000d5580000,0x00000000d5b80000,0x00000000d5b80000)
  from space 1024K, 42% used [0x00000000d5c80000,0x00000000d5ced200,0x00000000d5d80000)
  to   space 1024K, 0% used [0x00000000d5d80000,0x00000000d5d80000,0x00000000d5e80000)
 ParOldGen       total 1264640K, used 1264504K [0x0000000080000000, 0x00000000cd300000, 0x00000000d5580000)
  object space 1264640K, 99% used [0x0000000080000000,0x00000000cd2de1a8,0x00000000cd300000)
 Metaspace       used 122916K, committed 124928K, reserved 1179648K
  class space    used 12313K, committed 13248K, reserved 1048576K
GC Heap History (20 events):
Event: 90194.585 GC heap before
{Heap before GC invocations=8530 (full 14):
 PSYoungGen      total 7168K, used 6400K [0x00000000d5580000, 0x00000000d5f80000, 0x0000000100000000)
  eden space 6144K, 100% used [0x00000000d5580000,0x00000000d5b80000,0x00000000d5b80000)
  from space 1024K, 25% used [0x00000000d5e00000,0x00000000d5e40000,0x00000000d5f00000)
  to   space 512K, 0% used [0x00000000d5f00000,0x00000000d5f00000,0x00000000d5f80000)
 ParOldGen       total 1260032K, used 1259604K [0x0000000080000000, 0x00000000cce80000, 0x00000000d5580000)
  object space 1260032K, 99% used [0x0000000080000000,0x00000000cce15168,0x00000000cce80000)
 Metaspace       used 122915K, committed 124928K, reserved 1179648K
  class space    used 12313K, committed 13248K, reserved 1048576K
}
Event: 90194.588 GC heap after
{Heap after GC invocations=8530 (full 14):
 PSYoungGen      total 6656K, used 506K [0x00000000d5580000, 0x00000000d5f80000, 0x0000000100000000)
  eden space 6144K, 0% used [0x00000000d5580000,0x00000000d5580000,0x00000000d5b80000)
  from space 512K, 98% used [0x00000000d5f00000,0x00000000d5f7e900,0x00000000d5f80000)
  to   space 1024K, 0% used [0x00000000d5d80000,0x00000000d5d80000,0x00000000d5e80000)
 ParOldGen       total 1260032K, used 1259840K [0x0000000080000000, 0x00000000cce80000, 0x00000000d5580000)
  object space 1260032K, 99% used [0x0000000080000000,0x00000000cce50210,0x00000000cce80000)
 Metaspace       used 122915K, committed 124928K, reserved 1179648K
  class space    used 12313K, committed 13248K, reserved 1048576K
}
Event: 90194.884 GC heap before
{Heap before GC invocations=8531 (full 14):
 PSYoungGen      total 6656K, used 6650K [0x00000000d5580000, 0x00000000d5f80000, 0x0000000100000000)
  eden space 6144K, 100% used [0x00000000d5580000,0x00000000d5b80000,0x00000000d5b80000)
  from space 512K, 98% used [0x00000000d5f00000,0x00000000d5f7e900,0x00000000d5f80000)
  to   space 1024K, 0% used [0x00000000d5d80000,0x00000000d5d80000,0x00000000d5e80000)
 ParOldGen       total 1260032K, used 1259840K [0x0000000080000000, 0x00000000cce80000, 0x00000000d5580000)
  object space 1260032K, 99% used [0x0000000080000000,0x00000000cce50210,0x00000000cce80000)
 Metaspace       used 122915K, committed 124928K, reserved 1179648K
  class space    used 12313K, committed 13248K, reserved 1048576K
}
Event: 90194.892 GC heap after
{Heap after GC invocations=8531 (full 14):
 PSYoungGen      total 7168K, used 752K [0x00000000d5580000, 0x00000000d5f80000, 0x0000000100000000)
  eden space 6144K, 0% used [0x00000000d5580000,0x00000000d5580000,0x00000000d5b80000)
  from space 1024K, 73% used [0x00000000d5d80000,0x00000000d5e3c010,0x00000000d5e80000)
  to   space 1024K, 0% used [0x00000000d5e80000,0x00000000d5e80000,0x00000000d5f80000)
 ParOldGen       total 1260544K, used 1260341K [0x0000000080000000, 0x00000000ccf00000, 0x00000000d5580000)
  object space 1260544K, 99% used [0x0000000080000000,0x00000000ccecd420,0x00000000ccf00000)
 Metaspace       used 122915K, committed 124928K, reserved 1179648K
  class space    used 12313K, committed 13248K, reserved 1048576K
}
Event: 90194.900 GC heap before
{Heap before GC invocations=8532 (full 14):
 PSYoungGen      total 7168K, used 6896K [0x00000000d5580000, 0x00000000d5f80000, 0x0000000100000000)
  eden space 6144K, 100% used [0x00000000d5580000,0x00000000d5b80000,0x00000000d5b80000)
  from space 1024K, 73% used [0x00000000d5d80000,0x00000000d5e3c010,0x00000000d5e80000)
  to   space 1024K, 0% used [0x00000000d5e80000,0x00000000d5e80000,0x00000000d5f80000)
 ParOldGen       total 1260544K, used 1260341K [0x0000000080000000, 0x00000000ccf00000, 0x00000000d5580000)
  object space 1260544K, 99% used [0x0000000080000000,0x00000000ccecd420,0x00000000ccf00000)
 Metaspace       used 122915K, committed 124928K, reserved 1179648K
  class space    used 12313K, committed 13248K, reserved 1048576K
}
Event: 90194.903 GC heap after
{Heap after GC invocations=8532 (full 14):
 PSYoungGen      total 7168K, used 672K [0x00000000d5580000, 0x00000000d5f80000, 0x0000000100000000)
  eden space 6144K, 0% used [0x00000000d5580000,0x00000000d5580000,0x00000000d5b80000)
  from space 1024K, 65% used [0x00000000d5e80000,0x00000000d5f28000,0x00000000d5f80000)
  to   space 1024K, 0% used [0x00000000d5d80000,0x00000000d5d80000,0x00000000d5e80000)
 ParOldGen       total 1261056K, used 1261006K [0x0000000080000000, 0x00000000ccf80000, 0x00000000d5580000)
  object space 1261056K, 99% used [0x0000000080000000,0x00000000ccf738b8,0x00000000ccf80000)
 Metaspace       used 122915K, committed 124928K, reserved 1179648K
  class space    used 12313K, committed 13248K, reserved 1048576K
}
Event: 90195.448 GC heap before
{Heap before GC invocations=8533 (full 14):
 PSYoungGen      total 7168K, used 6816K [0x00000000d5580000, 0x00000000d5f80000, 0x0000000100000000)
  eden space 6144K, 100% used [0x00000000d5580000,0x00000000d5b80000,0x00000000d5b80000)
  from space 1024K, 65% used [0x00000000d5e80000,0x00000000d5f28000,0x00000000d5f80000)
  to   space 1024K, 0% used [0x00000000d5d80000,0x00000000d5d80000,0x00000000d5e80000)
 ParOldGen       total 1261056K, used 1261006K [0x0000000080000000, 0x00000000ccf80000, 0x00000000d5580000)
  object space 1261056K, 99% used [0x0000000080000000,0x00000000ccf738b8,0x00000000ccf80000)
 Metaspace       used 122916K, committed 124928K, reserved 1179648K
  class space    used 12313K, committed 13248K, reserved 1048576K
}
Event: 90195.452 GC heap after
{Heap after GC invocations=8533 (full 14):
 PSYoungGen      total 7168K, used 916K [0x00000000d5580000, 0x00000000d5f00000, 0x0000000100000000)
  eden space 6144K, 0% used [0x00000000d5580000,0x00000000d5580000,0x00000000d5b80000)
  from space 1024K, 89% used [0x00000000d5d80000,0x00000000d5e65200,0x00000000d5e80000)
  to   space 512K, 0% used [0x00000000d5e80000,0x00000000d5e80000,0x00000000d5f00000)
 ParOldGen       total 1261568K, used 1261510K [0x0000000080000000, 0x00000000cd000000, 0x00000000d5580000)
  object space 1261568K, 99% used [0x0000000080000000,0x00000000ccff18b8,0x00000000cd000000)
 Metaspace       used 122916K, committed 124928K, reserved 1179648K
  class space    used 12313K, committed 13248K, reserved 1048576K
}
Event: 90195.461 GC heap before
{Heap before GC invocations=8534 (full 14):
 PSYoungGen      total 7168K, used 7060K [0x00000000d5580000, 0x00000000d5f00000, 0x0000000100000000)
  eden space 6144K, 100% used [0x00000000d5580000,0x00000000d5b80000,0x00000000d5b80000)
  from space 1024K, 89% used [0x00000000d5d80000,0x00000000d5e65200,0x00000000d5e80000)
  to   space 512K, 0% used [0x00000000d5e80000,0x00000000d5e80000,0x00000000d5f00000)
 ParOldGen       total 1261568K, used 1261510K [0x0000000080000000, 0x00000000cd000000, 0x00000000d5580000)
  object space 1261568K, 99% used [0x0000000080000000,0x00000000ccff18b8,0x00000000cd000000)
 Metaspace       used 122916K, committed 124928K, reserved 1179648K
  class space    used 12313K, committed 13248K, reserved 1048576K
}
Event: 90195.464 GC heap after
{Heap after GC invocations=8534 (full 14):
 PSYoungGen      total 6656K, used 512K [0x00000000d5580000, 0x00000000d5f00000, 0x0000000100000000)
  eden space 6144K, 0% used [0x00000000d5580000,0x00000000d5580000,0x00000000d5b80000)
  from space 512K, 100% used [0x00000000d5e80000,0x00000000d5f00000,0x00000000d5f00000)
  to   space 1536K, 0% used [0x00000000d5c00000,0x00000000d5c00000,0x00000000d5d80000)
 ParOldGen       total 1262592K, used 1262302K [0x0000000080000000, 0x00000000cd100000, 0x00000000d5580000)
  object space 1262592K, 99% used [0x0000000080000000,0x00000000cd0b7ad8,0x00000000cd100000)
 Metaspace       used 122916K, committed 124928K, reserved 1179648K
  class space    used 12313K, committed 13248K, reserved 1048576K
}
Event: 90195.473 GC heap before
{Heap before GC invocations=8535 (full 14):
 PSYoungGen      total 6656K, used 6656K [0x00000000d5580000, 0x00000000d5f00000, 0x0000000100000000)
  eden space 6144K, 100% used [0x00000000d5580000,0x00000000d5b80000,0x00000000d5b80000)
  from space 512K, 100% used [0x00000000d5e80000,0x00000000d5f00000,0x00000000d5f00000)
  to   space 1536K, 0% used [0x00000000d5c00000,0x00000000d5c00000,0x00000000d5d80000)
 ParOldGen       total 1262592K, used 1262302K [0x0000000080000000, 0x00000000cd100000, 0x00000000d5580000)
  object space 1262592K, 99% used [0x0000000080000000,0x00000000cd0b7ad8,0x00000000cd100000)
 Metaspace       used 122916K, committed 124928K, reserved 1179648K
  class space    used 12313K, committed 13248K, reserved 1048576K
}
Event: 90195.476 GC heap after
{Heap after GC invocations=8535 (full 14):
 PSYoungGen      total 7680K, used 714K [0x00000000d5580000, 0x00000000d5f00000, 0x0000000100000000)
  eden space 6144K, 0% used [0x00000000d5580000,0x00000000d5580000,0x00000000d5b80000)
  from space 1536K, 46% used [0x00000000d5c00000,0x00000000d5cb2910,0x00000000d5d80000)
  to   space 1024K, 0% used [0x00000000d5e00000,0x00000000d5e00000,0x00000000d5f00000)
 ParOldGen       total 1263104K, used 1262778K [0x0000000080000000, 0x00000000cd180000, 0x00000000d5580000)
  object space 1263104K, 99% used [0x0000000080000000,0x00000000cd12eb00,0x00000000cd180000)
 Metaspace       used 122916K, committed 124928K, reserved 1179648K
  class space    used 12313K, committed 13248K, reserved 1048576K
}
Event: 90195.701 GC heap before
{Heap before GC invocations=8536 (full 14):
 PSYoungGen      total 7680K, used 6858K [0x00000000d5580000, 0x00000000d5f00000, 0x0000000100000000)
  eden space 6144K, 100% used [0x00000000d5580000,0x00000000d5b80000,0x00000000d5b80000)
  from space 1536K, 46% used [0x00000000d5c00000,0x00000000d5cb2910,0x00000000d5d80000)
  to   space 1024K, 0% used [0x00000000d5e00000,0x00000000d5e00000,0x00000000d5f00000)
 ParOldGen       total 1263104K, used 1262778K [0x0000000080000000, 0x00000000cd180000, 0x00000000d5580000)
  object space 1263104K, 99% used [0x0000000080000000,0x00000000cd12eb00,0x00000000cd180000)
 Metaspace       used 122916K, committed 124928K, reserved 1179648K
  class space    used 12313K, committed 13248K, reserved 1048576K
}
Event: 90195.704 GC heap after
{Heap after GC invocations=8536 (full 14):
 PSYoungGen      total 7168K, used 836K [0x00000000d5580000, 0x00000000d5f00000, 0x0000000100000000)
  eden space 6144K, 0% used [0x00000000d5580000,0x00000000d5580000,0x00000000d5b80000)
  from space 1024K, 81% used [0x00000000d5e00000,0x00000000d5ed1210,0x00000000d5f00000)
  to   space 1024K, 0% used [0x00000000d5d00000,0x00000000d5d00000,0x00000000d5e00000)
 ParOldGen       total 1263616K, used 1263439K [0x0000000080000000, 0x00000000cd200000, 0x00000000d5580000)
  object space 1263616K, 99% used [0x0000000080000000,0x00000000cd1d3d10,0x00000000cd200000)
 Metaspace       used 122916K, committed 124928K, reserved 1179648K
  class space    used 12313K, committed 13248K, reserved 1048576K
}
Event: 90195.716 GC heap before
{Heap before GC invocations=8537 (full 14):
 PSYoungGen      total 7168K, used 6980K [0x00000000d5580000, 0x00000000d5f00000, 0x0000000100000000)
  eden space 6144K, 100% used [0x00000000d5580000,0x00000000d5b80000,0x00000000d5b80000)
  from space 1024K, 81% used [0x00000000d5e00000,0x00000000d5ed1210,0x00000000d5f00000)
  to   space 1024K, 0% used [0x00000000d5d00000,0x00000000d5d00000,0x00000000d5e00000)
 ParOldGen       total 1263616K, used 1263439K [0x0000000080000000, 0x00000000cd200000, 0x00000000d5580000)
  object space 1263616K, 99% used [0x0000000080000000,0x00000000cd1d3d10,0x00000000cd200000)
 Metaspace       used 122916K, committed 124928K, reserved 1179648K
  class space    used 12313K, committed 13248K, reserved 1048576K
}
Event: 90195.720 GC heap after
{Heap after GC invocations=8537 (full 14):
 PSYoungGen      total 7168K, used 308K [0x00000000d5580000, 0x00000000d5e80000, 0x0000000100000000)
  eden space 6144K, 0% used [0x00000000d5580000,0x00000000d5580000,0x00000000d5b80000)
  from space 1024K, 30% used [0x00000000d5d00000,0x00000000d5d4d200,0x00000000d5e00000)
  to   space 512K, 0% used [0x00000000d5e00000,0x00000000d5e00000,0x00000000d5e80000)
 ParOldGen       total 1264128K, used 1263827K [0x0000000080000000, 0x00000000cd280000, 0x00000000d5580000)
  object space 1264128K, 99% used [0x0000000080000000,0x00000000cd234f98,0x00000000cd280000)
 Metaspace       used 122916K, committed 124928K, reserved 1179648K
  class space    used 12313K, committed 13248K, reserved 1048576K
}
Event: 90195.731 GC heap before
{Heap before GC invocations=8538 (full 14):
 PSYoungGen      total 7168K, used 6452K [0x00000000d5580000, 0x00000000d5e80000, 0x0000000100000000)
  eden space 6144K, 100% used [0x00000000d5580000,0x00000000d5b80000,0x00000000d5b80000)
  from space 1024K, 30% used [0x00000000d5d00000,0x00000000d5d4d200,0x00000000d5e00000)
  to   space 512K, 0% used [0x00000000d5e00000,0x00000000d5e00000,0x00000000d5e80000)
 ParOldGen       total 1264128K, used 1263827K [0x0000000080000000, 0x00000000cd280000, 0x00000000d5580000)
  object space 1264128K, 99% used [0x0000000080000000,0x00000000cd234f98,0x00000000cd280000)
 Metaspace       used 122916K, committed 124928K, reserved 1179648K
  class space    used 12313K, committed 13248K, reserved 1048576K
}
Event: 90195.734 GC heap after
{Heap after GC invocations=8538 (full 14):
 PSYoungGen      total 6656K, used 496K [0x00000000d5580000, 0x00000000d5e80000, 0x0000000100000000)
  eden space 6144K, 0% used [0x00000000d5580000,0x00000000d5580000,0x00000000d5b80000)
  from space 512K, 96% used [0x00000000d5e00000,0x00000000d5e7c010,0x00000000d5e80000)
  to   space 1024K, 0% used [0x00000000d5c80000,0x00000000d5c80000,0x00000000d5d80000)
 ParOldGen       total 1264128K, used 1264016K [0x0000000080000000, 0x00000000cd280000, 0x00000000d5580000)
  object space 1264128K, 99% used [0x0000000080000000,0x00000000cd264198,0x00000000cd280000)
 Metaspace       used 122916K, committed 124928K, reserved 1179648K
  class space    used 12313K, committed 13248K, reserved 1048576K
}
Event: 90196.419 GC heap before
{Heap before GC invocations=8539 (full 14):
 PSYoungGen      total 6656K, used 6640K [0x00000000d5580000, 0x00000000d5e80000, 0x0000000100000000)
  eden space 6144K, 100% used [0x00000000d5580000,0x00000000d5b80000,0x00000000d5b80000)
  from space 512K, 96% used [0x00000000d5e00000,0x00000000d5e7c010,0x00000000d5e80000)
  to   space 1024K, 0% used [0x00000000d5c80000,0x00000000d5c80000,0x00000000d5d80000)
 ParOldGen       total 1264128K, used 1264016K [0x0000000080000000, 0x00000000cd280000, 0x00000000d5580000)
  object space 1264128K, 99% used [0x0000000080000000,0x00000000cd264198,0x00000000cd280000)
 Metaspace       used 122916K, committed 124928K, reserved 1179648K
  class space    used 12313K, committed 13248K, reserved 1048576K
}
Event: 90196.427 GC heap after
{Heap after GC invocations=8539 (full 14):
 PSYoungGen      total 7168K, used 436K [0x00000000d5580000, 0x00000000d5e80000, 0x0000000100000000)
  eden space 6144K, 0% used [0x00000000d5580000,0x00000000d5580000,0x00000000d5b80000)
  from space 1024K, 42% used [0x00000000d5c80000,0x00000000d5ced200,0x00000000d5d80000)
  to   space 1024K, 0% used [0x00000000d5d80000,0x00000000d5d80000,0x00000000d5e80000)
 ParOldGen       total 1264640K, used 1264504K [0x0000000080000000, 0x00000000cd300000, 0x00000000d5580000)
  object space 1264640K, 99% used [0x0000000080000000,0x00000000cd2de1a8,0x00000000cd300000)
 Metaspace       used 122916K, committed 124928K, reserved 1179648K
  class space    used 12313K, committed 13248K, reserved 1048576K
}

