<?xml version="1.0" encoding="UTF-8"?>
<testsuite xmlns:xsi="http://www.w3.org/2001/XMLSchema-instance" xsi:noNamespaceSchemaLocation="https://maven.apache.org/surefire/maven-surefire-plugin/xsd/surefire-test-report.xsd" version="3.0.2" name="com.kauangamestore.resource.AuthResourceTest" time="14.68" tests="1" errors="0" skipped="0" failures="0">
  <properties>
[...]
</properties>
  <testcase name="testLoginSucesso" classname="com.kauangamestore.resource.AuthResourceTest" time="6.193">
    <system-out><![CDATA[2026-04-08 20:22:17,554 INFO  [org.hib.jpa.int.uti.LogHelper] (main) HHH000204: Processing PersistenceUnitInfo [name: <default>]
2026-04-08 20:22:17,952 INFO  [org.hib.Version] (main) HHH000412: Hibernate ORM core version 7.1.0.Final
2026-04-08 20:22:18,753 INFO  [org.hib.orm.con.pooling] (main) HHH10001005: Database info:
	Database JDBC URL [undefined/unknown]
	Database driver: undefined/unknown
	Database dialect: PostgreSQLDialect
	Database version: 13.0
	Default catalog/schema: unknown/unknown
	Autocommit mode: undefined/unknown
	Isolation level: <unknown>
	JDBC fetch size: undefined/unknown
	Pool: undefined/unknown
	Minimum pool size: undefined/unknown
	Maximum pool size: undefined/unknown
2026-04-08 20:22:19,408 INFO  [org.hib.val.int.uti.Version] (main) HV000001: Hibernate Validator 9.0.1.Final
2026-04-08 20:22:20,471 WARN  [io.qua.config] (main) The "quarkus.hibernate-orm.database.generation" config property is deprecated and should not be used anymore.
&amp#27;[35m[Hibernate]&amp#27;[0m 
    &amp#27;[34mset&amp#27;[0m client_min_messages = WARNING
&amp#27;[35m[Hibernate]&amp#27;[0m 
    &amp#27;[34malter&amp#27;[0m &amp#27;[34mtable&amp#27;[0m &amp#27;[34mif&amp#27;[0m &amp#27;[34mexists&amp#27;[0m ItemPedido 
       &amp#27;[34mdrop&amp#27;[0m &amp#27;[34mconstraint&amp#27;[0m &amp#27;[34mif&amp#27;[0m &amp#27;[34mexists&amp#27;[0m FKe8xyvksmdfpx3et8lq329maw1
&amp#27;[35m[Hibernate]&amp#27;[0m 
    &amp#27;[34malter&amp#27;[0m &amp#27;[34mtable&amp#27;[0m &amp#27;[34mif&amp#27;[0m &amp#27;[34mexists&amp#27;[0m ItemPedido 
       &amp#27;[34mdrop&amp#27;[0m &amp#27;[34mconstraint&amp#27;[0m &amp#27;[34mif&amp#27;[0m &amp#27;[34mexists&amp#27;[0m FKblx5om1c8kahwnjoak9yh8qeh
&amp#27;[35m[Hibernate]&amp#27;[0m 
    &amp#27;[34malter&amp#27;[0m &amp#27;[34mtable&amp#27;[0m &amp#27;[34mif&amp#27;[0m &amp#27;[34mexists&amp#27;[0m Jogo 
       &amp#27;[34mdrop&amp#27;[0m &amp#27;[34mconstraint&amp#27;[0m &amp#27;[34mif&amp#27;[0m &amp#27;[34mexists&amp#27;[0m FKmij5n968vxbqugry0qivkoeff
&amp#27;[35m[Hibernate]&amp#27;[0m 
    &amp#27;[34malter&amp#27;[0m &amp#27;[34mtable&amp#27;[0m &amp#27;[34mif&amp#27;[0m &amp#27;[34mexists&amp#27;[0m jogo_categoria 
       &amp#27;[34mdrop&amp#27;[0m &amp#27;[34mconstraint&amp#27;[0m &amp#27;[34mif&amp#27;[0m &amp#27;[34mexists&amp#27;[0m FK72mh1x3fl95t7gj2ohjx91hxt
&amp#27;[35m[Hibernate]&amp#27;[0m 
    &amp#27;[34malter&amp#27;[0m &amp#27;[34mtable&amp#27;[0m &amp#27;[34mif&amp#27;[0m &amp#27;[34mexists&amp#27;[0m jogo_categoria 
       &amp#27;[34mdrop&amp#27;[0m &amp#27;[34mconstraint&amp#27;[0m &amp#27;[34mif&amp#27;[0m &amp#27;[34mexists&amp#27;[0m FKj1k1y8y44xn80emt5gweryh5e
&amp#27;[35m[Hibernate]&amp#27;[0m 
    &amp#27;[34malter&amp#27;[0m &amp#27;[34mtable&amp#27;[0m &amp#27;[34mif&amp#27;[0m &amp#27;[34mexists&amp#27;[0m jogo_plataforma 
       &amp#27;[34mdrop&amp#27;[0m &amp#27;[34mconstraint&amp#27;[0m &amp#27;[34mif&amp#27;[0m &amp#27;[34mexists&amp#27;[0m FKrxtpghwvvveymepn4sjkivrft
&amp#27;[35m[Hibernate]&amp#27;[0m 
    &amp#27;[34malter&amp#27;[0m &amp#27;[34mtable&amp#27;[0m &amp#27;[34mif&amp#27;[0m &amp#27;[34mexists&amp#27;[0m jogo_plataforma 
       &amp#27;[34mdrop&amp#27;[0m &amp#27;[34mconstraint&amp#27;[0m &amp#27;[34mif&amp#27;[0m &amp#27;[34mexists&amp#27;[0m FKabhxqipffjy9hckol4csj93t3
&amp#27;[35m[Hibernate]&amp#27;[0m 
    &amp#27;[34malter&amp#27;[0m &amp#27;[34mtable&amp#27;[0m &amp#27;[34mif&amp#27;[0m &amp#27;[34mexists&amp#27;[0m PagamentoBoleto 
       &amp#27;[34mdrop&amp#27;[0m &amp#27;[34mconstraint&amp#27;[0m &amp#27;[34mif&amp#27;[0m &amp#27;[34mexists&amp#27;[0m FKrmxhfkqn6s6kbof5tnpvqy632
&amp#27;[35m[Hibernate]&amp#27;[0m 
    &amp#27;[34malter&amp#27;[0m &amp#27;[34mtable&amp#27;[0m &amp#27;[34mif&amp#27;[0m &amp#27;[34mexists&amp#27;[0m PagamentoPix 
       &amp#27;[34mdrop&amp#27;[0m &amp#27;[34mconstraint&amp#27;[0m &amp#27;[34mif&amp#27;[0m &amp#27;[34mexists&amp#27;[0m FKfq5xtr4vldwivd3o65ln99r3g
&amp#27;[35m[Hibernate]&amp#27;[0m 
    &amp#27;[34malter&amp#27;[0m &amp#27;[34mtable&amp#27;[0m &amp#27;[34mif&amp#27;[0m &amp#27;[34mexists&amp#27;[0m Pedido 
       &amp#27;[34mdrop&amp#27;[0m &amp#27;[34mconstraint&amp#27;[0m &amp#27;[34mif&amp#27;[0m &amp#27;[34mexists&amp#27;[0m FKk84gctc4g3eab9n7hak3fiq9q
&amp#27;[35m[Hibernate]&amp#27;[0m 
    &amp#27;[34malter&amp#27;[0m &amp#27;[34mtable&amp#27;[0m &amp#27;[34mif&amp#27;[0m &amp#27;[34mexists&amp#27;[0m Pedido 
       &amp#27;[34mdrop&amp#27;[0m &amp#27;[34mconstraint&amp#27;[0m &amp#27;[34mif&amp#27;[0m &amp#27;[34mexists&amp#27;[0m FKrihr4mfgpxujkhd6h3cnvpr2e
&amp#27;[35m[Hibernate]&amp#27;[0m 
    &amp#27;[34malter&amp#27;[0m &amp#27;[34mtable&amp#27;[0m &amp#27;[34mif&amp#27;[0m &amp#27;[34mexists&amp#27;[0m Pedido 
       &amp#27;[34mdrop&amp#27;[0m &amp#27;[34mconstraint&amp#27;[0m &amp#27;[34mif&amp#27;[0m &amp#27;[34mexists&amp#27;[0m FKitkarkqxknkh17bva6bsita0
&amp#27;[35m[Hibernate]&amp#27;[0m 
    &amp#27;[34mdrop&amp#27;[0m &amp#27;[34mtable&amp#27;[0m &amp#27;[34mif&amp#27;[0m &amp#27;[34mexists&amp#27;[0m categoria &amp#27;[34mcascade&amp#27;[0m
&amp#27;[35m[Hibernate]&amp#27;[0m 
    &amp#27;[34mdrop&amp#27;[0m &amp#27;[34mtable&amp#27;[0m &amp#27;[34mif&amp#27;[0m &amp#27;[34mexists&amp#27;[0m Empresa &amp#27;[34mcascade&amp#27;[0m
&amp#27;[35m[Hibernate]&amp#27;[0m 
    &amp#27;[34mdrop&amp#27;[0m &amp#27;[34mtable&amp#27;[0m &amp#27;[34mif&amp#27;[0m &amp#27;[34mexists&amp#27;[0m Endereco &amp#27;[34mcascade&amp#27;[0m
&amp#27;[35m[Hibernate]&amp#27;[0m 
    &amp#27;[34mdrop&amp#27;[0m &amp#27;[34mtable&amp#27;[0m &amp#27;[34mif&amp#27;[0m &amp#27;[34mexists&amp#27;[0m ItemPedido &amp#27;[34mcascade&amp#27;[0m
&amp#27;[35m[Hibernate]&amp#27;[0m 
    &amp#27;[34mdrop&amp#27;[0m &amp#27;[34mtable&amp#27;[0m &amp#27;[34mif&amp#27;[0m &amp#27;[34mexists&amp#27;[0m Jogo &amp#27;[34mcascade&amp#27;[0m
&amp#27;[35m[Hibernate]&amp#27;[0m 
    &amp#27;[34mdrop&amp#27;[0m &amp#27;[34mtable&amp#27;[0m &amp#27;[34mif&amp#27;[0m &amp#27;[34mexists&amp#27;[0m jogo_categoria &amp#27;[34mcascade&amp#27;[0m
&amp#27;[35m[Hibernate]&amp#27;[0m 
    &amp#27;[34mdrop&amp#27;[0m &amp#27;[34mtable&amp#27;[0m &amp#27;[34mif&amp#27;[0m &amp#27;[34mexists&amp#27;[0m jogo_plataforma &amp#27;[34mcascade&amp#27;[0m
&amp#27;[35m[Hibernate]&amp#27;[0m 
    &amp#27;[34mdrop&amp#27;[0m &amp#27;[34mtable&amp#27;[0m &amp#27;[34mif&amp#27;[0m &amp#27;[34mexists&amp#27;[0m MyEntity &amp#27;[34mcascade&amp#27;[0m
&amp#27;[35m[Hibernate]&amp#27;[0m 
    &amp#27;[34mdrop&amp#27;[0m &amp#27;[34mtable&amp#27;[0m &amp#27;[34mif&amp#27;[0m &amp#27;[34mexists&amp#27;[0m Pagamento &amp#27;[34mcascade&amp#27;[0m
&amp#27;[35m[Hibernate]&amp#27;[0m 
    &amp#27;[34mdrop&amp#27;[0m &amp#27;[34mtable&amp#27;[0m &amp#27;[34mif&amp#27;[0m &amp#27;[34mexists&amp#27;[0m PagamentoBoleto &amp#27;[34mcascade&amp#27;[0m
&amp#27;[35m[Hibernate]&amp#27;[0m 
    &amp#27;[34mdrop&amp#27;[0m &amp#27;[34mtable&amp#27;[0m &amp#27;[34mif&amp#27;[0m &amp#27;[34mexists&amp#27;[0m PagamentoPix &amp#27;[34mcascade&amp#27;[0m
&amp#27;[35m[Hibernate]&amp#27;[0m 
    &amp#27;[34mdrop&amp#27;[0m &amp#27;[34mtable&amp#27;[0m &amp#27;[34mif&amp#27;[0m &amp#27;[34mexists&amp#27;[0m Pedido &amp#27;[34mcascade&amp#27;[0m
&amp#27;[35m[Hibernate]&amp#27;[0m 
    &amp#27;[34mdrop&amp#27;[0m &amp#27;[34mtable&amp#27;[0m &amp#27;[34mif&amp#27;[0m &amp#27;[34mexists&amp#27;[0m Plataforma &amp#27;[34mcascade&amp#27;[0m
&amp#27;[35m[Hibernate]&amp#27;[0m 
    &amp#27;[34mdrop&amp#27;[0m &amp#27;[34mtable&amp#27;[0m &amp#27;[34mif&amp#27;[0m &amp#27;[34mexists&amp#27;[0m tb_usuario &amp#27;[34mcascade&amp#27;[0m
&amp#27;[35m[Hibernate]&amp#27;[0m 
    &amp#27;[34mdrop&amp#27;[0m &amp#27;[34msequence&amp#27;[0m &amp#27;[34mif&amp#27;[0m &amp#27;[34mexists&amp#27;[0m MyEntity_SEQ
&amp#27;[35m[Hibernate]&amp#27;[0m 
    &amp#27;[34mcreate&amp#27;[0m &amp#27;[34msequence&amp#27;[0m MyEntity_SEQ &amp#27;[34mstart&amp#27;[0m &amp#27;[34mwith&amp#27;[0m 1 &amp#27;[34mincrement&amp#27;[0m &amp#27;[34mby&amp#27;[0m 50
&amp#27;[35m[Hibernate]&amp#27;[0m 
    &amp#27;[34mcreate&amp#27;[0m &amp#27;[34mtable&amp#27;[0m categoria (
        id &amp#27;[34mbigint&amp#27;[0m generated &amp#27;[34mby&amp#27;[0m &amp#27;[34mdefault&amp#27;[0m &amp#27;[34mas&amp#27;[0m &amp#27;[34midentity&amp#27;[0m,
        nome &amp#27;[34mvarchar&amp#27;[0m(255) &amp#27;[34mnot&amp#27;[0m &amp#27;[34mnull&amp#27;[0m &amp#27;[34munique&amp#27;[0m,
        &amp#27;[34mprimary&amp#27;[0m &amp#27;[34mkey&amp#27;[0m (id)
    )
&amp#27;[35m[Hibernate]&amp#27;[0m 
    &amp#27;[34mcreate&amp#27;[0m &amp#27;[34mtable&amp#27;[0m Empresa (
        id &amp#27;[34mbigint&amp#27;[0m generated &amp#27;[34mby&amp#27;[0m &amp#27;[34mdefault&amp#27;[0m &amp#27;[34mas&amp#27;[0m &amp#27;[34midentity&amp#27;[0m,
        descricao &amp#27;[34mvarchar&amp#27;[0m(255),
        nome &amp#27;[34mvarchar&amp#27;[0m(255),
        paisOrigem &amp#27;[34mvarchar&amp#27;[0m(255),
        &amp#27;[34mprimary&amp#27;[0m &amp#27;[34mkey&amp#27;[0m (id)
    )
&amp#27;[35m[Hibernate]&amp#27;[0m 
    &amp#27;[34mcreate&amp#27;[0m &amp#27;[34mtable&amp#27;[0m Endereco (
        id &amp#27;[34mbigint&amp#27;[0m generated &amp#27;[34mby&amp#27;[0m &amp#27;[34mdefault&amp#27;[0m &amp#27;[34mas&amp#27;[0m &amp#27;[34midentity&amp#27;[0m,
        cep &amp#27;[34mvarchar&amp#27;[0m(255),
        cidade &amp#27;[34mvarchar&amp#27;[0m(255),
        logradouro &amp#27;[34mvarchar&amp#27;[0m(255),
        numero &amp#27;[34mvarchar&amp#27;[0m(255),
        &amp#27;[34mprimary&amp#27;[0m &amp#27;[34mkey&amp#27;[0m (id)
    )
&amp#27;[35m[Hibernate]&amp#27;[0m 
    &amp#27;[34mcreate&amp#27;[0m &amp#27;[34mtable&amp#27;[0m ItemPedido (
        precoUnitario &amp#27;[34mfloat&amp#27;[0m(53),
        quantidade &amp#27;[34minteger&amp#27;[0m,
        id &amp#27;[34mbigint&amp#27;[0m generated &amp#27;[34mby&amp#27;[0m &amp#27;[34mdefault&amp#27;[0m &amp#27;[34mas&amp#27;[0m &amp#27;[34midentity&amp#27;[0m,
        id_jogo &amp#27;[34mbigint&amp#27;[0m,
        id_pedido &amp#27;[34mbigint&amp#27;[0m,
        &amp#27;[34mprimary&amp#27;[0m &amp#27;[34mkey&amp#27;[0m (id)
    )
&amp#27;[35m[Hibernate]&amp#27;[0m 
    &amp#27;[34mcreate&amp#27;[0m &amp#27;[34mtable&amp#27;[0m Jogo (
        data_lancamento &amp#27;[34mdate&amp#27;[0m,
        estoque &amp#27;[34minteger&amp#27;[0m,
        preco &amp#27;[34mfloat&amp#27;[0m(53),
        id &amp#27;[34mbigint&amp#27;[0m generated &amp#27;[34mby&amp#27;[0m &amp#27;[34mdefault&amp#27;[0m &amp#27;[34mas&amp#27;[0m &amp#27;[34midentity&amp#27;[0m,
        id_empresa &amp#27;[34mbigint&amp#27;[0m,
        descricao &amp#27;[34mvarchar&amp#27;[0m(255),
        titulo &amp#27;[34mvarchar&amp#27;[0m(255),
        &amp#27;[34mprimary&amp#27;[0m &amp#27;[34mkey&amp#27;[0m (id)
    )
&amp#27;[35m[Hibernate]&amp#27;[0m 
    &amp#27;[34mcreate&amp#27;[0m &amp#27;[34mtable&amp#27;[0m jogo_categoria (
        id_categoria &amp#27;[34mbigint&amp#27;[0m &amp#27;[34mnot&amp#27;[0m &amp#27;[34mnull&amp#27;[0m,
        id_jogo &amp#27;[34mbigint&amp#27;[0m &amp#27;[34mnot&amp#27;[0m &amp#27;[34mnull&amp#27;[0m
    )
&amp#27;[35m[Hibernate]&amp#27;[0m 
    &amp#27;[34mcreate&amp#27;[0m &amp#27;[34mtable&amp#27;[0m jogo_plataforma (
        id_jogo &amp#27;[34mbigint&amp#27;[0m &amp#27;[34mnot&amp#27;[0m &amp#27;[34mnull&amp#27;[0m,
        id_plataforma &amp#27;[34mbigint&amp#27;[0m &amp#27;[34mnot&amp#27;[0m &amp#27;[34mnull&amp#27;[0m
    )
&amp#27;[35m[Hibernate]&amp#27;[0m 
    &amp#27;[34mcreate&amp#27;[0m &amp#27;[34mtable&amp#27;[0m MyEntity (
        id &amp#27;[34mbigint&amp#27;[0m &amp#27;[34mnot&amp#27;[0m &amp#27;[34mnull&amp#27;[0m,
        field &amp#27;[34mvarchar&amp#27;[0m(255),
        &amp#27;[34mprimary&amp#27;[0m &amp#27;[34mkey&amp#27;[0m (id)
    )
&amp#27;[35m[Hibernate]&amp#27;[0m 
    &amp#27;[34mcreate&amp#27;[0m &amp#27;[34mtable&amp#27;[0m Pagamento (
        valor &amp#27;[34mfloat&amp#27;[0m(53),
        dataConfirmacao &amp#27;[34mtimestamp&amp#27;[0m(6),
        id &amp#27;[34mbigint&amp#27;[0m generated &amp#27;[34mby&amp#27;[0m &amp#27;[34mdefault&amp#27;[0m &amp#27;[34mas&amp#27;[0m &amp#27;[34midentity&amp#27;[0m,
        &amp#27;[34mprimary&amp#27;[0m &amp#27;[34mkey&amp#27;[0m (id)
    )
&amp#27;[35m[Hibernate]&amp#27;[0m 
    &amp#27;[34mcreate&amp#27;[0m &amp#27;[34mtable&amp#27;[0m PagamentoBoleto (
        dataVencimento &amp#27;[34mdate&amp#27;[0m,
        id &amp#27;[34mbigint&amp#27;[0m &amp#27;[34mnot&amp#27;[0m &amp#27;[34mnull&amp#27;[0m,
        numeroBoleto &amp#27;[34mvarchar&amp#27;[0m(255),
        &amp#27;[34mprimary&amp#27;[0m &amp#27;[34mkey&amp#27;[0m (id)
    )
&amp#27;[35m[Hibernate]&amp#27;[0m 
    &amp#27;[34mcreate&amp#27;[0m &amp#27;[34mtable&amp#27;[0m PagamentoPix (
        dataExpiracao &amp#27;[34mtimestamp&amp#27;[0m(6),
        id &amp#27;[34mbigint&amp#27;[0m &amp#27;[34mnot&amp#27;[0m &amp#27;[34mnull&amp#27;[0m,
        chavePix &amp#27;[34mvarchar&amp#27;[0m(255),
        codigoTransacao &amp#27;[34mvarchar&amp#27;[0m(255),
        &amp#27;[34mprimary&amp#27;[0m &amp#27;[34mkey&amp#27;[0m (id)
    )
&amp#27;[35m[Hibernate]&amp#27;[0m 
    &amp#27;[34mcreate&amp#27;[0m &amp#27;[34mtable&amp#27;[0m Pedido (
        valorTotal &amp#27;[34mfloat&amp#27;[0m(53),
        dataPedido &amp#27;[34mtimestamp&amp#27;[0m(6),
        id &amp#27;[34mbigint&amp#27;[0m generated &amp#27;[34mby&amp#27;[0m &amp#27;[34mdefault&amp#27;[0m &amp#27;[34mas&amp#27;[0m &amp#27;[34midentity&amp#27;[0m,
        id_endereco &amp#27;[34mbigint&amp#27;[0m,
        id_pagamento &amp#27;[34mbigint&amp#27;[0m &amp#27;[34munique&amp#27;[0m,
        id_usuario &amp#27;[34mbigint&amp#27;[0m,
        &amp#27;[34mprimary&amp#27;[0m &amp#27;[34mkey&amp#27;[0m (id)
    )
&amp#27;[35m[Hibernate]&amp#27;[0m 
    &amp#27;[34mcreate&amp#27;[0m &amp#27;[34mtable&amp#27;[0m Plataforma (
        id &amp#27;[34mbigint&amp#27;[0m generated &amp#27;[34mby&amp#27;[0m &amp#27;[34mdefault&amp#27;[0m &amp#27;[34mas&amp#27;[0m &amp#27;[34midentity&amp#27;[0m,
        nome &amp#27;[34mvarchar&amp#27;[0m(255),
        &amp#27;[34mprimary&amp#27;[0m &amp#27;[34mkey&amp#27;[0m (id)
    )
&amp#27;[35m[Hibernate]&amp#27;[0m 
    &amp#27;[34mcreate&amp#27;[0m &amp#27;[34mtable&amp#27;[0m tb_usuario (
        id &amp#27;[34mbigint&amp#27;[0m generated &amp#27;[34mby&amp#27;[0m &amp#27;[34mdefault&amp#27;[0m &amp#27;[34mas&amp#27;[0m &amp#27;[34midentity&amp#27;[0m,
        email &amp#27;[34mvarchar&amp#27;[0m(255) &amp#27;[34mnot&amp#27;[0m &amp#27;[34mnull&amp#27;[0m &amp#27;[34munique&amp#27;[0m,
        nome &amp#27;[34mvarchar&amp#27;[0m(255) &amp#27;[34mnot&amp#27;[0m &amp#27;[34mnull&amp#27;[0m,
        perfil &amp#27;[34mvarchar&amp#27;[0m(255) &amp#27;[34mcheck&amp#27;[0m (perfil &amp#27;[34min&amp#27;[0m (&amp#27;[36m'ADMIN'&amp#27;[0m,&amp#27;[36m'&amp#27;[34mUSER&amp#27;[0m'&amp#27;[0m)),
        senha &amp#27;[34mvarchar&amp#27;[0m(255) &amp#27;[34mnot&amp#27;[0m &amp#27;[34mnull&amp#27;[0m,
        &amp#27;[34mprimary&amp#27;[0m &amp#27;[34mkey&amp#27;[0m (id)
    )
&amp#27;[35m[Hibernate]&amp#27;[0m 
    &amp#27;[34malter&amp#27;[0m &amp#27;[34mtable&amp#27;[0m &amp#27;[34mif&amp#27;[0m &amp#27;[34mexists&amp#27;[0m ItemPedido 
       &amp#27;[34madd&amp#27;[0m &amp#27;[34mconstraint&amp#27;[0m FKe8xyvksmdfpx3et8lq329maw1 
       &amp#27;[34mforeign&amp#27;[0m &amp#27;[34mkey&amp#27;[0m (id_jogo) 
       &amp#27;[34mreferences&amp#27;[0m Jogo
&amp#27;[35m[Hibernate]&amp#27;[0m 
    &amp#27;[34malter&amp#27;[0m &amp#27;[34mtable&amp#27;[0m &amp#27;[34mif&amp#27;[0m &amp#27;[34mexists&amp#27;[0m ItemPedido 
       &amp#27;[34madd&amp#27;[0m &amp#27;[34mconstraint&amp#27;[0m FKblx5om1c8kahwnjoak9yh8qeh 
       &amp#27;[34mforeign&amp#27;[0m &amp#27;[34mkey&amp#27;[0m (id_pedido) 
       &amp#27;[34mreferences&amp#27;[0m Pedido
&amp#27;[35m[Hibernate]&amp#27;[0m 
    &amp#27;[34malter&amp#27;[0m &amp#27;[34mtable&amp#27;[0m &amp#27;[34mif&amp#27;[0m &amp#27;[34mexists&amp#27;[0m Jogo 
       &amp#27;[34madd&amp#27;[0m &amp#27;[34mconstraint&amp#27;[0m FKmij5n968vxbqugry0qivkoeff 
       &amp#27;[34mforeign&amp#27;[0m &amp#27;[34mkey&amp#27;[0m (id_empresa) 
       &amp#27;[34mreferences&amp#27;[0m Empresa
&amp#27;[35m[Hibernate]&amp#27;[0m 
    &amp#27;[34malter&amp#27;[0m &amp#27;[34mtable&amp#27;[0m &amp#27;[34mif&amp#27;[0m &amp#27;[34mexists&amp#27;[0m jogo_categoria 
       &amp#27;[34madd&amp#27;[0m &amp#27;[34mconstraint&amp#27;[0m FK72mh1x3fl95t7gj2ohjx91hxt 
       &amp#27;[34mforeign&amp#27;[0m &amp#27;[34mkey&amp#27;[0m (id_categoria) 
       &amp#27;[34mreferences&amp#27;[0m categoria
&amp#27;[35m[Hibernate]&amp#27;[0m 
    &amp#27;[34malter&amp#27;[0m &amp#27;[34mtable&amp#27;[0m &amp#27;[34mif&amp#27;[0m &amp#27;[34mexists&amp#27;[0m jogo_categoria 
       &amp#27;[34madd&amp#27;[0m &amp#27;[34mconstraint&amp#27;[0m FKj1k1y8y44xn80emt5gweryh5e 
       &amp#27;[34mforeign&amp#27;[0m &amp#27;[34mkey&amp#27;[0m (id_jogo) 
       &amp#27;[34mreferences&amp#27;[0m Jogo
&amp#27;[35m[Hibernate]&amp#27;[0m 
    &amp#27;[34malter&amp#27;[0m &amp#27;[34mtable&amp#27;[0m &amp#27;[34mif&amp#27;[0m &amp#27;[34mexists&amp#27;[0m jogo_plataforma 
       &amp#27;[34madd&amp#27;[0m &amp#27;[34mconstraint&amp#27;[0m FKrxtpghwvvveymepn4sjkivrft 
       &amp#27;[34mforeign&amp#27;[0m &amp#27;[34mkey&amp#27;[0m (id_plataforma) 
       &amp#27;[34mreferences&amp#27;[0m Plataforma
&amp#27;[35m[Hibernate]&amp#27;[0m 
    &amp#27;[34malter&amp#27;[0m &amp#27;[34mtable&amp#27;[0m &amp#27;[34mif&amp#27;[0m &amp#27;[34mexists&amp#27;[0m jogo_plataforma 
       &amp#27;[34madd&amp#27;[0m &amp#27;[34mconstraint&amp#27;[0m FKabhxqipffjy9hckol4csj93t3 
       &amp#27;[34mforeign&amp#27;[0m &amp#27;[34mkey&amp#27;[0m (id_jogo) 
       &amp#27;[34mreferences&amp#27;[0m Jogo
&amp#27;[35m[Hibernate]&amp#27;[0m 
    &amp#27;[34malter&amp#27;[0m &amp#27;[34mtable&amp#27;[0m &amp#27;[34mif&amp#27;[0m &amp#27;[34mexists&amp#27;[0m PagamentoBoleto 
       &amp#27;[34madd&amp#27;[0m &amp#27;[34mconstraint&amp#27;[0m FKrmxhfkqn6s6kbof5tnpvqy632 
       &amp#27;[34mforeign&amp#27;[0m &amp#27;[34mkey&amp#27;[0m (id) 
       &amp#27;[34mreferences&amp#27;[0m Pagamento
&amp#27;[35m[Hibernate]&amp#27;[0m 
    &amp#27;[34malter&amp#27;[0m &amp#27;[34mtable&amp#27;[0m &amp#27;[34mif&amp#27;[0m &amp#27;[34mexists&amp#27;[0m PagamentoPix 
       &amp#27;[34madd&amp#27;[0m &amp#27;[34mconstraint&amp#27;[0m FKfq5xtr4vldwivd3o65ln99r3g 
       &amp#27;[34mforeign&amp#27;[0m &amp#27;[34mkey&amp#27;[0m (id) 
       &amp#27;[34mreferences&amp#27;[0m Pagamento
&amp#27;[35m[Hibernate]&amp#27;[0m 
    &amp#27;[34malter&amp#27;[0m &amp#27;[34mtable&amp#27;[0m &amp#27;[34mif&amp#27;[0m &amp#27;[34mexists&amp#27;[0m Pedido 
       &amp#27;[34madd&amp#27;[0m &amp#27;[34mconstraint&amp#27;[0m FKk84gctc4g3eab9n7hak3fiq9q 
       &amp#27;[34mforeign&amp#27;[0m &amp#27;[34mkey&amp#27;[0m (id_endereco) 
       &amp#27;[34mreferences&amp#27;[0m Endereco
&amp#27;[35m[Hibernate]&amp#27;[0m 
    &amp#27;[34malter&amp#27;[0m &amp#27;[34mtable&amp#27;[0m &amp#27;[34mif&amp#27;[0m &amp#27;[34mexists&amp#27;[0m Pedido 
       &amp#27;[34madd&amp#27;[0m &amp#27;[34mconstraint&amp#27;[0m FKrihr4mfgpxujkhd6h3cnvpr2e 
       &amp#27;[34mforeign&amp#27;[0m &amp#27;[34mkey&amp#27;[0m (id_pagamento) 
       &amp#27;[34mreferences&amp#27;[0m Pagamento
&amp#27;[35m[Hibernate]&amp#27;[0m 
    &amp#27;[34malter&amp#27;[0m &amp#27;[34mtable&amp#27;[0m &amp#27;[34mif&amp#27;[0m &amp#27;[34mexists&amp#27;[0m Pedido 
       &amp#27;[34madd&amp#27;[0m &amp#27;[34mconstraint&amp#27;[0m FKitkarkqxknkh17bva6bsita0 
       &amp#27;[34mforeign&amp#27;[0m &amp#27;[34mkey&amp#27;[0m (id_usuario) 
       &amp#27;[34mreferences&amp#27;[0m tb_usuario
&amp#27;[35m[Hibernate]&amp#27;[0m &amp#27;[34mINSERT&amp#27;[0m &amp#27;[34mINTO&amp#27;[0m empresa (nome, paisorigem, descricao) &amp#27;[34mVALUES&amp#27;[0m (&amp#27;[36m'Nintendo'&amp#27;[0m, &amp#27;[36m'Japão'&amp#27;[0m, &amp#27;[36m'Criadora &amp#27;[34mdo&amp#27;[0m Mario'&amp#27;[0m)
&amp#27;[35m[Hibernate]&amp#27;[0m &amp#27;[34mINSERT&amp#27;[0m &amp#27;[34mINTO&amp#27;[0m empresa (nome, paisorigem, descricao) &amp#27;[34mVALUES&amp#27;[0m (&amp#27;[36m'Rockstar Games'&amp#27;[0m, &amp#27;[36m'EUA'&amp#27;[0m, &amp#27;[36m'Criadora &amp#27;[34mdo&amp#27;[0m GTA'&amp#27;[0m)
&amp#27;[35m[Hibernate]&amp#27;[0m &amp#27;[34mINSERT&amp#27;[0m &amp#27;[34mINTO&amp#27;[0m empresa (nome, paisorigem, descricao) &amp#27;[34mVALUES&amp#27;[0m (&amp#27;[36m'CD Projekt Red'&amp#27;[0m, &amp#27;[36m'Polônia'&amp#27;[0m, &amp#27;[36m'Criadora &amp#27;[34mdo&amp#27;[0m Witcher'&amp#27;[0m)
&amp#27;[35m[Hibernate]&amp#27;[0m &amp#27;[34mINSERT&amp#27;[0m &amp#27;[34mINTO&amp#27;[0m plataforma (nome) &amp#27;[34mVALUES&amp#27;[0m (&amp#27;[36m'PC'&amp#27;[0m)
&amp#27;[35m[Hibernate]&amp#27;[0m &amp#27;[34mINSERT&amp#27;[0m &amp#27;[34mINTO&amp#27;[0m plataforma (nome) &amp#27;[34mVALUES&amp#27;[0m (&amp#27;[36m'PlayStation 5'&amp#27;[0m)
&amp#27;[35m[Hibernate]&amp#27;[0m &amp#27;[34mINSERT&amp#27;[0m &amp#27;[34mINTO&amp#27;[0m plataforma (nome) &amp#27;[34mVALUES&amp#27;[0m (&amp#27;[36m'Xbox Series X'&amp#27;[0m)
&amp#27;[35m[Hibernate]&amp#27;[0m &amp#27;[34mINSERT&amp#27;[0m &amp#27;[34mINTO&amp#27;[0m plataforma (nome) &amp#27;[34mVALUES&amp#27;[0m (&amp#27;[36m'Nintendo Switch'&amp#27;[0m)
&amp#27;[35m[Hibernate]&amp#27;[0m &amp#27;[34mINSERT&amp#27;[0m &amp#27;[34mINTO&amp#27;[0m jogo (titulo, preco, estoque, data_lancamento, id_empresa) &amp#27;[34mVALUES&amp#27;[0m (&amp#27;[36m'The Legend &amp#27;[34mof&amp#27;[0m Zelda'&amp#27;[0m, 299.90, 50, &amp#27;[36m'2017-03-03'&amp#27;[0m, 1)
&amp#27;[35m[Hibernate]&amp#27;[0m &amp#27;[34mINSERT&amp#27;[0m &amp#27;[34mINTO&amp#27;[0m jogo (titulo, preco, estoque, data_lancamento, id_empresa) &amp#27;[34mVALUES&amp#27;[0m (&amp#27;[36m'Grand Theft Auto V'&amp#27;[0m, 89.90, 100, &amp#27;[36m'2013-09-17'&amp#27;[0m, 2)
&amp#27;[35m[Hibernate]&amp#27;[0m &amp#27;[34mINSERT&amp#27;[0m &amp#27;[34mINTO&amp#27;[0m jogo (titulo, preco, estoque, data_lancamento, id_empresa) &amp#27;[34mVALUES&amp#27;[0m (&amp#27;[36m'Cyberpunk 2077'&amp#27;[0m, 199.90, 20, &amp#27;[36m'2020-12-10'&amp#27;[0m, 3)
&amp#27;[35m[Hibernate]&amp#27;[0m &amp#27;[34mINSERT&amp#27;[0m &amp#27;[34mINTO&amp#27;[0m jogo_plataforma (id_jogo, id_plataforma) &amp#27;[34mVALUES&amp#27;[0m (1, 4)
&amp#27;[35m[Hibernate]&amp#27;[0m &amp#27;[34mINSERT&amp#27;[0m &amp#27;[34mINTO&amp#27;[0m jogo_plataforma (id_jogo, id_plataforma) &amp#27;[34mVALUES&amp#27;[0m (2, 1)
&amp#27;[35m[Hibernate]&amp#27;[0m &amp#27;[34mINSERT&amp#27;[0m &amp#27;[34mINTO&amp#27;[0m jogo_plataforma (id_jogo, id_plataforma) &amp#27;[34mVALUES&amp#27;[0m (2, 2)
&amp#27;[35m[Hibernate]&amp#27;[0m &amp#27;[34mINSERT&amp#27;[0m &amp#27;[34mINTO&amp#27;[0m jogo_plataforma (id_jogo, id_plataforma) &amp#27;[34mVALUES&amp#27;[0m (3, 1)
&amp#27;[35m[Hibernate]&amp#27;[0m &amp#27;[34mINSERT&amp#27;[0m &amp#27;[34mINTO&amp#27;[0m tb_usuario (nome, email, senha, perfil) &amp#27;[34mVALUES&amp#27;[0m (&amp#27;[36m'Kauan Batista'&amp#27;[0m, &amp#27;[36m'kauanbs@gmail.com'&amp#27;[0m, &amp#27;[36m'XhxmhwV0yzMP0iPzTYBk8m6M4NJbXZhswMxmm+OFOFg2USii7Ubp3/sJcK8Cc7heLtfn7tAkXRjCJnilyEu0Cw=='&amp#27;[0m, &amp#27;[36m'ADMIN'&amp#27;[0m)
&amp#27;[35m[Hibernate]&amp#27;[0m &amp#27;[34mINSERT&amp#27;[0m &amp#27;[34mINTO&amp#27;[0m tb_usuario (nome, email, senha, perfil) &amp#27;[34mVALUES&amp#27;[0m (&amp#27;[36m'Sei lá Gomes'&amp#27;[0m, &amp#27;[36m'jondoe@gmail.com'&amp#27;[0m, &amp#27;[36m'XhxmhwV0yzMP0iPzTYBk8m6M4NJbXZhswMxmm+OFOFg2USii7Ubp3/sJcK8Cc7heLtfn7tAkXRjCJnilyEu0Cw=='&amp#27;[0m, &amp#27;[36m'&amp#27;[34mUSER&amp#27;[0m'&amp#27;[0m)
&amp#27;[35m[Hibernate]&amp#27;[0m &amp#27;[34mINSERT&amp#27;[0m &amp#27;[34mINTO&amp#27;[0m endereco (cep, cidade, logradouro, numero) &amp#27;[34mVALUES&amp#27;[0m (&amp#27;[36m'77023-050'&amp#27;[0m, &amp#27;[36m'Palmas'&amp#27;[0m, &amp#27;[36m'Av. Teotônio Largado'&amp#27;[0m, &amp#27;[36m'14'&amp#27;[0m)
&amp#27;[35m[Hibernate]&amp#27;[0m &amp#27;[34mINSERT&amp#27;[0m &amp#27;[34mINTO&amp#27;[0m pagamento (valor, dataconfirmacao) &amp#27;[34mVALUES&amp#27;[0m (89.90, &amp#27;[36m'2024-05-20 10:00:00'&amp#27;[0m)
&amp#27;[35m[Hibernate]&amp#27;[0m &amp#27;[34mINSERT&amp#27;[0m &amp#27;[34mINTO&amp#27;[0m pagamentoboleto (id, numeroboleto, datavencimento) &amp#27;[34mVALUES&amp#27;[0m (1, &amp#27;[36m'12345.67890'&amp#27;[0m, &amp#27;[36m'2024-05-25'&amp#27;[0m)
&amp#27;[35m[Hibernate]&amp#27;[0m &amp#27;[34mINSERT&amp#27;[0m &amp#27;[34mINTO&amp#27;[0m pedido (datapedido, valortotal, id_usuario, id_pagamento, id_endereco) &amp#27;[34mVALUES&amp#27;[0m (&amp#27;[36m'2024-05-20 09:30:00'&amp#27;[0m, 89.90, 2, 1, 1)
&amp#27;[35m[Hibernate]&amp#27;[0m &amp#27;[34mINSERT&amp#27;[0m &amp#27;[34mINTO&amp#27;[0m itempedido (precounitario, quantidade, id_jogo, id_pedido) &amp#27;[34mVALUES&amp#27;[0m (89.90, 1, 2, 1)
&amp#27;[35m[Hibernate]&amp#27;[0m &amp#27;[34mALTER&amp#27;[0m &amp#27;[34mSEQUENCE&amp#27;[0m empresa_id_seq RESTART &amp#27;[34mWITH&amp#27;[0m 100
&amp#27;[35m[Hibernate]&amp#27;[0m &amp#27;[34mALTER&amp#27;[0m &amp#27;[34mSEQUENCE&amp#27;[0m categoria_id_seq RESTART &amp#27;[34mWITH&amp#27;[0m 100
&amp#27;[35m[Hibernate]&amp#27;[0m &amp#27;[34mALTER&amp#27;[0m &amp#27;[34mSEQUENCE&amp#27;[0m plataforma_id_seq RESTART &amp#27;[34mWITH&amp#27;[0m 100
&amp#27;[35m[Hibernate]&amp#27;[0m &amp#27;[34mALTER&amp#27;[0m &amp#27;[34mSEQUENCE&amp#27;[0m jogo_id_seq RESTART &amp#27;[34mWITH&amp#27;[0m 100
&amp#27;[35m[Hibernate]&amp#27;[0m &amp#27;[34mALTER&amp#27;[0m &amp#27;[34mSEQUENCE&amp#27;[0m usuario_id_seq RESTART &amp#27;[34mWITH&amp#27;[0m 100
&amp#27;[35m[Hibernate]&amp#27;[0m &amp#27;[34mALTER&amp#27;[0m &amp#27;[34mSEQUENCE&amp#27;[0m endereco_id_seq RESTART &amp#27;[34mWITH&amp#27;[0m 100
&amp#27;[35m[Hibernate]&amp#27;[0m &amp#27;[34mALTER&amp#27;[0m &amp#27;[34mSEQUENCE&amp#27;[0m pagamento_id_seq RESTART &amp#27;[34mWITH&amp#27;[0m 100
&amp#27;[35m[Hibernate]&amp#27;[0m &amp#27;[34mALTER&amp#27;[0m &amp#27;[34mSEQUENCE&amp#27;[0m pedido_id_seq RESTART &amp#27;[34mWITH&amp#27;[0m 100
&amp#27;[35m[Hibernate]&amp#27;[0m &amp#27;[34mALTER&amp#27;[0m &amp#27;[34mSEQUENCE&amp#27;[0m itempedido_id_seq RESTART &amp#27;[34mWITH&amp#27;[0m 100
2026-04-08 20:22:25,116 INFO  [io.quarkus] (main) projeto-jogos-api 1.0.0-SNAPSHOT on JVM (powered by Quarkus 3.26.3) started in 21.198s. Listening on: http://localhost:8081
2026-04-08 20:22:25,116 INFO  [io.quarkus] (main) Profile test activated. 
2026-04-08 20:22:25,116 INFO  [io.quarkus] (main) Installed features: [agroal, cdi, compose, hibernate-orm, hibernate-orm-panache, hibernate-validator, jdbc-postgresql, narayana-jta, rest, rest-jackson, security, smallrye-context-propagation, smallrye-jwt, smallrye-openapi, swagger-ui, vertx]
&amp#27;[35m[Hibernate]&amp#27;[0m 
    &amp#27;[34minsert&amp#27;[0m 
    &amp#27;[34minto&amp#27;[0m
        tb_usuario
        (email, nome, perfil, senha) 
    &amp#27;[34mvalues&amp#27;[0m
        (?, ?, ?, ?)
2026-04-08 20:22:26,539 TRACE [org.hib.orm.jdb.bind] (main) binding parameter (1:VARCHAR) <- [teste.login@games.com]
2026-04-08 20:22:26,539 TRACE [org.hib.orm.jdb.bind] (main) binding parameter (2:VARCHAR) <- [Usuario Teste Login]
2026-04-08 20:22:26,541 TRACE [org.hib.orm.jdb.bind] (main) binding parameter (3:VARCHAR) <- [ADMIN]
2026-04-08 20:22:26,541 TRACE [org.hib.orm.jdb.bind] (main) binding parameter (4:VARCHAR) <- [XhxmhwV0yzMP0iPzTYBk8m6M4NJbXZhswMxmm+OFOFg2USii7Ubp3/sJcK8Cc7heLtfn7tAkXRjCJnilyEu0Cw==]
&amp#27;[35m[Hibernate]&amp#27;[0m 
    &amp#27;[34mselect&amp#27;[0m
        u1_0.id,
        u1_0.email,
        u1_0.nome,
        u1_0.perfil,
        u1_0.senha 
    &amp#27;[34mfrom&amp#27;[0m
        tb_usuario u1_0 
    &amp#27;[34mwhere&amp#27;[0m
        u1_0.email=? 
        &amp#27;[34mand&amp#27;[0m u1_0.senha=? 
    &amp#27;[34mfetch&amp#27;[0m
        &amp#27;[34mfirst&amp#27;[0m ? &amp#27;[34mrows&amp#27;[0m &amp#27;[34monly&amp#27;[0m
2026-04-08 20:22:30,742 TRACE [org.hib.orm.jdb.bind] (executor-thread-1) binding parameter (1:VARCHAR) <- [teste.login@games.com]
2026-04-08 20:22:30,745 TRACE [org.hib.orm.jdb.bind] (executor-thread-1) binding parameter (2:VARCHAR) <- [XhxmhwV0yzMP0iPzTYBk8m6M4NJbXZhswMxmm+OFOFg2USii7Ubp3/sJcK8Cc7heLtfn7tAkXRjCJnilyEu0Cw==]
2026-04-08 20:22:30,745 TRACE [org.hib.orm.jdb.bind] (executor-thread-1) binding parameter (3:INTEGER) <- [1]
]]></system-out>
  </testcase>
</testsuite>